<?xml version="1.0" encoding="UTF-8"?>
<testsuite xmlns:xsi="http://www.w3.org/2001/XMLSchema-instance" xsi:noNamespaceSchemaLocation="https://maven.apache.org/surefire/maven-surefire-plugin/xsd/surefire-test-report-3.0.xsd" version="3.0" name="flightapp.FlightServiceTest" time="4.154" tests="1" errors="0" skipped="0" failures="0">
  <properties>
    <property name="java.specification.version" value="17"/>
    <property name="test.cases" value="cases/hidden-cases/hidden_no_transaction/search/search_indirect.txt"/>
    <property name="sun.jnu.encoding" value="UTF-8"/>
    <property name="java.class.path" value="/homes/iws/hctang/.m2/repository/org/apache/maven/surefire/surefire-booter/3.0.0-M5/surefire-booter-3.0.0-M5.jar:/homes/iws/hctang/.m2/repository/org/apache/maven/surefire/surefire-api/3.0.0-M5/surefire-api-3.0.0-M5.jar:/homes/iws/hctang/.m2/repository/org/apache/maven/surefire/surefire-logger-api/3.0.0-M5/surefire-logger-api-3.0.0-M5.jar:/homes/iws/hctang/.m2/repository/org/apache/maven/surefire/surefire-shared-utils/3.0.0-M4/surefire-shared-utils-3.0.0-M4.jar:/homes/iws/hctang/.m2/repository/org/apache/maven/surefire/surefire-extensions-spi/3.0.0-M5/surefire-extensions-spi-3.0.0-M5.jar:/homes/iws/hctang/344/cse344-master/hw/hw5.flightapp/startercode/hw5/target/test-classes:/homes/iws/hctang/344/cse344-master/hw/hw5.flightapp/startercode/hw5/target/classes:/homes/iws/hctang/.m2/repository/junit/junit/4.13/junit-4.13.jar:/homes/iws/hctang/.m2/repository/org/hamcrest/hamcrest-core/1.3/hamcrest-core-1.3.jar:/homes/iws/hctang/.m2/repository/com/microsoft/sqlserver/mssql-jdbc/9.2.1.jre11/mssql-jdbc-9.2.1.jre11.jar:/homes/iws/hctang/.m2/repository/org/mybatis/mybatis/3.5.7/mybatis-3.5.7.jar:/homes/iws/hctang/.m2/repository/commons-io/commons-io/2.8.0/commons-io-2.8.0.jar:/homes/iws/hctang/344/cse344-master/hw/hw5.flightapp/startercode/hw5/distributed.jar:/homes/iws/hctang/.m2/repository/org/apache/maven/surefire/surefire-junit4/3.0.0-M5/surefire-junit4-3.0.0-M5.jar:/homes/iws/hctang/.m2/repository/org/apache/maven/surefire/common-java5/3.0.0-M5/common-java5-3.0.0-M5.jar:/homes/iws/hctang/.m2/repository/org/apache/maven/surefire/common-junit3/3.0.0-M5/common-junit3-3.0.0-M5.jar:/homes/iws/hctang/.m2/repository/org/apache/maven/surefire/common-junit4/3.0.0-M5/common-junit4-3.0.0-M5.jar"/>
    <property name="java.vm.vendor" value="Red Hat, Inc."/>
    <property name="sun.arch.data.model" value="64"/>
    <property name="java.vendor.url" value="https://www.redhat.com/"/>
    <property name="os.name" value="Linux"/>
    <property name="java.vm.specification.version" value="17"/>
    <property name="sun.java.launcher" value="SUN_STANDARD"/>
    <property name="user.country" value="US"/>
    <property name="sun.boot.library.path" value="/usr/lib/jvm/java-17-openjdk-17.0.5.0.8-2.el9_0.x86_64/lib"/>
    <property name="sun.java.command" value="org.apache.maven.surefire.booter.ForkedBooter /homes/iws/hctang/344/cse344-master/hw/hw5.flightapp/startercode/hw5/target/surefire 2022-11-03T21-26-20_728-jvmRun1 surefire11739303575698835276tmp surefire_02243188248063129250tmp"/>
    <property name="jdk.debug" value="release"/>
    <property name="surefire.test.class.path" value="/homes/iws/hctang/344/cse344-master/hw/hw5.flightapp/startercode/hw5/target/test-classes:/homes/iws/hctang/344/cse344-master/hw/hw5.flightapp/startercode/hw5/target/classes:/homes/iws/hctang/.m2/repository/junit/junit/4.13/junit-4.13.jar:/homes/iws/hctang/.m2/repository/org/hamcrest/hamcrest-core/1.3/hamcrest-core-1.3.jar:/homes/iws/hctang/.m2/repository/com/microsoft/sqlserver/mssql-jdbc/9.2.1.jre11/mssql-jdbc-9.2.1.jre11.jar:/homes/iws/hctang/.m2/repository/org/mybatis/mybatis/3.5.7/mybatis-3.5.7.jar:/homes/iws/hctang/.m2/repository/commons-io/commons-io/2.8.0/commons-io-2.8.0.jar:/homes/iws/hctang/344/cse344-master/hw/hw5.flightapp/startercode/hw5/distributed.jar:"/>
    <property name="sun.cpu.endian" value="little"/>
    <property name="user.home" value="/homes/iws/hctang"/>
    <property name="user.language" value="en"/>
    <property name="java.specification.vendor" value="Oracle Corporation"/>
    <property name="java.version.date" value="2022-10-18"/>
    <property name="java.home" value="/usr/lib/jvm/java-17-openjdk-17.0.5.0.8-2.el9_0.x86_64"/>
    <property name="file.separator" value="/"/>
    <property name="basedir" value="/homes/iws/hctang/344/cse344-master/hw/hw5.flightapp/startercode/hw5"/>
    <property name="java.vm.compressedOopsMode" value="Zero based"/>
    <property name="line.separator" value="&#10;"/>
    <property name="java.vm.specification.vendor" value="Oracle Corporation"/>
    <property name="java.specification.name" value="Java Platform API Specification"/>
    <property name="sun.management.compiler" value="HotSpot 64-Bit Tiered Compilers"/>
    <property name="java.runtime.version" value="17.0.5+8-LTS"/>
    <property name="user.name" value="hctang"/>
    <property name="path.separator" value=":"/>
    <property name="os.version" value="5.14.0-70.26.1.el9_0.x86_64"/>
    <property name="java.runtime.name" value="OpenJDK Runtime Environment"/>
    <property name="file.encoding" value="UTF-8"/>
    <property name="java.vm.name" value="OpenJDK 64-Bit Server VM"/>
    <property name="java.vendor.version" value="(Red_Hat-17.0.5.0.8-2.el9_0)"/>
    <property name="localRepository" value="/homes/iws/hctang/.m2/repository"/>
    <property name="java.vendor.url.bug" value="https://bugzilla.redhat.com/enter_bug.cgi?product=Red%20Hat%20Enterprise%20Linux%209&amp;component=java-17-openjdk"/>
    <property name="java.io.tmpdir" value="/tmp"/>
    <property name="java.version" value="17.0.5"/>
    <property name="user.dir" value="/homes/iws/hctang/344/cse344-master/hw/hw5.flightapp/startercode/hw5"/>
    <property name="os.arch" value="amd64"/>
    <property name="java.vm.specification.name" value="Java Virtual Machine Specification"/>
    <property name="native.encoding" value="UTF-8"/>
    <property name="java.library.path" value="/usr/java/packages/lib:/usr/lib64:/lib64:/lib:/usr/lib"/>
    <property name="java.vm.info" value="mixed mode, sharing"/>
    <property name="java.vendor" value="Red Hat, Inc."/>
    <property name="java.vm.version" value="17.0.5+8-LTS"/>
    <property name="sun.io.unicode.encoding" value="UnicodeLittle"/>
    <property name="java.class.version" value="61.0"/>
  </properties>
  <testcase name="runTest[0]" classname="flightapp.FlightServiceTest" time="1.966">
    <system-out><![CDATA[Running test setup...
... using dbconn.properties for test credentials
... resetting database (ie, dropping everything except domain tables)
... running createTables.sql

Starting tests
Running test file: /homes/iws/hctang/344/cse344-master/hw/hw5.flightapp/autograder/cases/hidden_no_transaction/search/search_indirect.txt
]]></system-out>
  </testcase>
</testsuite>